________________________________________________________________________

        AUG4                       
        State of Colorado - Denver Basin Aquifer Models 

        Version: version 0.0 
        Last revision date: 11/11/2016  

        Run id set to         R1                      

________________________________________________________________________
 arg4 debug: readjunkfile: start
 arg4 debug: readjunkfile: creating JUNK.R1
 arg4 debug: createjunkfile: start
 arg4 debug: createjunkfile: start
 arg4 debug: createjunkfile: spselect           0
 arg4 debug: selectaquifer: start
 arg4 debug: selectmodelandlocation: aqselect =            1
 arg4 debug: selectmodelandlocation: aqshorts(aqselect) = LF
 arg4 debug: selectmodelandlocation: aqnams(aqselect) = LARAMIE-FOX HILLS       
 arg4 debug: selectwelllocation: start
 arg4 debug: selectwelllocation: section, township, range           13 5N          64
 arg4 debug: selectwelllocation: itownship, ctownship           5 N
 arg4 debug: checkwelllocation: range,JJ,AJ          64          40           6
 arg4 debug: checkwelllocation: N II            2
 arg4 debug: checkwelllocation: section,township,itownship,ctownship,range,code,II,JJ          13 5N           5 N          64         124           2          40
 arg4 debug: assignmodel: start
 arg4 debug: assignmodel: II, JJ           2          40
 arg4 debug: assignmodel: modelshortLF1 
